C:\USERS\FAILCAKE\DESKTOP\CASTLERUN_THEGAME\CASTLERUN_THEGAME\DEBUG\CASTLERUN_THEGAME.PCH
C:\USERS\FAILCAKE\DESKTOP\CASTLERUN_THEGAME\CASTLERUN_THEGAME\DEBUG\STDAFX.OBJ
C:\USERS\FAILCAKE\DESKTOP\CASTLERUN_THEGAME\CASTLERUN_THEGAME\DEBUG\VC110.PDB
C:\USERS\FAILCAKE\DESKTOP\CASTLERUN_THEGAME\CASTLERUN_THEGAME\DEBUG\CASTLERUN_THEGAME.OBJ
C:\USERS\FAILCAKE\DESKTOP\CASTLERUN_THEGAME\DEBUG\CASTLERUN_THEGAME.ILK
C:\USERS\FAILCAKE\DESKTOP\CASTLERUN_THEGAME\DEBUG\CASTLERUN_THEGAME.EXE
C:\USERS\FAILCAKE\DESKTOP\CASTLERUN_THEGAME\DEBUG\CASTLERUN_THEGAME.PDB
C:\Users\FailCake\Desktop\CastleRun_thegame\CastleRun_thegame\Debug\CastleRun_thegame.obj
C:\Users\FailCake\Desktop\CastleRun_thegame\CastleRun_thegame\Debug\stdafx.obj
C:\Users\FailCake\Desktop\CastleRun_thegame\CastleRun_thegame\Debug\cl.command.1.tlog
C:\Users\FailCake\Desktop\CastleRun_thegame\CastleRun_thegame\Debug\CL.read.1.tlog
C:\Users\FailCake\Desktop\CastleRun_thegame\CastleRun_thegame\Debug\CL.write.1.tlog
C:\Users\FailCake\Desktop\CastleRun_thegame\CastleRun_thegame\Debug\link-cvtres.read.1.tlog
C:\Users\FailCake\Desktop\CastleRun_thegame\CastleRun_thegame\Debug\link-cvtres.write.1.tlog
C:\Users\FailCake\Desktop\CastleRun_thegame\CastleRun_thegame\Debug\link-rc.read.1.tlog
C:\Users\FailCake\Desktop\CastleRun_thegame\CastleRun_thegame\Debug\link-rc.write.1.tlog
C:\Users\FailCake\Desktop\CastleRun_thegame\CastleRun_thegame\Debug\link.1528-cvtres.read.1.tlog
C:\Users\FailCake\Desktop\CastleRun_thegame\CastleRun_thegame\Debug\link.1528-cvtres.write.1.tlog
C:\Users\FailCake\Desktop\CastleRun_thegame\CastleRun_thegame\Debug\link.1528-rc.read.1.tlog
C:\Users\FailCake\Desktop\CastleRun_thegame\CastleRun_thegame\Debug\link.1528-rc.write.1.tlog
C:\Users\FailCake\Desktop\CastleRun_thegame\CastleRun_thegame\Debug\link.1528.read.1.tlog
C:\Users\FailCake\Desktop\CastleRun_thegame\CastleRun_thegame\Debug\link.1528.write.1.tlog
C:\Users\FailCake\Desktop\CastleRun_thegame\CastleRun_thegame\Debug\link.3472-cvtres.read.1.tlog
C:\Users\FailCake\Desktop\CastleRun_thegame\CastleRun_thegame\Debug\link.3472-cvtres.write.1.tlog
C:\Users\FailCake\Desktop\CastleRun_thegame\CastleRun_thegame\Debug\link.3472-rc.read.1.tlog
C:\Users\FailCake\Desktop\CastleRun_thegame\CastleRun_thegame\Debug\link.3472-rc.write.1.tlog
C:\Users\FailCake\Desktop\CastleRun_thegame\CastleRun_thegame\Debug\link.3472.read.1.tlog
C:\Users\FailCake\Desktop\CastleRun_thegame\CastleRun_thegame\Debug\link.3472.write.1.tlog
C:\Users\FailCake\Desktop\CastleRun_thegame\CastleRun_thegame\Debug\link.4752-cvtres.read.1.tlog
C:\Users\FailCake\Desktop\CastleRun_thegame\CastleRun_thegame\Debug\link.4752-cvtres.write.1.tlog
C:\Users\FailCake\Desktop\CastleRun_thegame\CastleRun_thegame\Debug\link.4752-rc.read.1.tlog
C:\Users\FailCake\Desktop\CastleRun_thegame\CastleRun_thegame\Debug\link.4752-rc.write.1.tlog
C:\Users\FailCake\Desktop\CastleRun_thegame\CastleRun_thegame\Debug\link.4752.read.1.tlog
C:\Users\FailCake\Desktop\CastleRun_thegame\CastleRun_thegame\Debug\link.4752.write.1.tlog
C:\Users\FailCake\Desktop\CastleRun_thegame\CastleRun_thegame\Debug\link.5684-cvtres.read.1.tlog
C:\Users\FailCake\Desktop\CastleRun_thegame\CastleRun_thegame\Debug\link.5684-cvtres.write.1.tlog
C:\Users\FailCake\Desktop\CastleRun_thegame\CastleRun_thegame\Debug\link.5684-rc.read.1.tlog
C:\Users\FailCake\Desktop\CastleRun_thegame\CastleRun_thegame\Debug\link.5684-rc.write.1.tlog
C:\Users\FailCake\Desktop\CastleRun_thegame\CastleRun_thegame\Debug\link.5684.read.1.tlog
C:\Users\FailCake\Desktop\CastleRun_thegame\CastleRun_thegame\Debug\link.5684.write.1.tlog
C:\Users\FailCake\Desktop\CastleRun_thegame\CastleRun_thegame\Debug\link.5816-cvtres.read.1.tlog
C:\Users\FailCake\Desktop\CastleRun_thegame\CastleRun_thegame\Debug\link.5816-cvtres.write.1.tlog
C:\Users\FailCake\Desktop\CastleRun_thegame\CastleRun_thegame\Debug\link.5816-rc.read.1.tlog
C:\Users\FailCake\Desktop\CastleRun_thegame\CastleRun_thegame\Debug\link.5816-rc.write.1.tlog
C:\Users\FailCake\Desktop\CastleRun_thegame\CastleRun_thegame\Debug\link.5816.read.1.tlog
C:\Users\FailCake\Desktop\CastleRun_thegame\CastleRun_thegame\Debug\link.5816.write.1.tlog
C:\Users\FailCake\Desktop\CastleRun_thegame\CastleRun_thegame\Debug\link.7644-cvtres.read.1.tlog
C:\Users\FailCake\Desktop\CastleRun_thegame\CastleRun_thegame\Debug\link.7644-cvtres.write.1.tlog
C:\Users\FailCake\Desktop\CastleRun_thegame\CastleRun_thegame\Debug\link.7644-rc.read.1.tlog
C:\Users\FailCake\Desktop\CastleRun_thegame\CastleRun_thegame\Debug\link.7644-rc.write.1.tlog
C:\Users\FailCake\Desktop\CastleRun_thegame\CastleRun_thegame\Debug\link.7644.read.1.tlog
C:\Users\FailCake\Desktop\CastleRun_thegame\CastleRun_thegame\Debug\link.7644.write.1.tlog
C:\Users\FailCake\Desktop\CastleRun_thegame\CastleRun_thegame\Debug\link.8036-cvtres.read.1.tlog
C:\Users\FailCake\Desktop\CastleRun_thegame\CastleRun_thegame\Debug\link.8036-cvtres.write.1.tlog
C:\Users\FailCake\Desktop\CastleRun_thegame\CastleRun_thegame\Debug\link.8036-rc.read.1.tlog
C:\Users\FailCake\Desktop\CastleRun_thegame\CastleRun_thegame\Debug\link.8036-rc.write.1.tlog
C:\Users\FailCake\Desktop\CastleRun_thegame\CastleRun_thegame\Debug\link.8036.read.1.tlog
C:\Users\FailCake\Desktop\CastleRun_thegame\CastleRun_thegame\Debug\link.8036.write.1.tlog
C:\Users\FailCake\Desktop\CastleRun_thegame\CastleRun_thegame\Debug\link.command.1.tlog
C:\Users\FailCake\Desktop\CastleRun_thegame\CastleRun_thegame\Debug\link.read.1.tlog
C:\Users\FailCake\Desktop\CastleRun_thegame\CastleRun_thegame\Debug\link.write.1.tlog
C:\Users\FailCake\Desktop\CastleRun_thegame\CastleRun_thegame\Debug\CastleRun_thegame.pch
C:\Users\FailCake\Desktop\CastleRun_thegame\CastleRun_thegame\Debug\vc110.idb
C:\Users\FailCake\Desktop\CastleRun_thegame\CastleRun_thegame\Debug\vc110.pdb
C:\Users\FailCake\Desktop\CastleRun_thegame\Debug\CastleRun_thegame.pdb
C:\Users\FailCake\Desktop\CastleRun_thegame\Debug\CastleRun_thegame.exe
C:\Users\FailCake\Desktop\CastleRun_thegame\Debug\CastleRun_thegame.ilk
